#-----------------------------------------------------------
# Vivado v2019.2 (64-bit)
# SW Build 2708876 on Wed Nov  6 21:40:23 MST 2019
# IP Build 2700528 on Thu Nov  7 00:09:20 MST 2019
# Start of session at: Sun Aug 18 17:00:48 2024
# Process ID: 12092
# Current directory: E:/fpga_image/vivado_2019.2/GiGe_HDMI
# Command line: vivado.exe -gui_launcher_event rodinguilauncherevent16012 E:\fpga_image\vivado_2019.2\GiGe_HDMI\GiGe_HDMI.xpr
# Log file: E:/fpga_image/vivado_2019.2/GiGe_HDMI/vivado.log
# Journal file: E:/fpga_image/vivado_2019.2/GiGe_HDMI\vivado.jou
#-----------------------------------------------------------
start_gui
open_project E:/fpga_image/vivado_2019.2/GiGe_HDMI/GiGe_HDMI.xpr
Scanning sources...
Finished scanning sources
INFO: [IP_Flow 19-234] Refreshing IP repositories
INFO: [IP_Flow 19-1704] No user IP repositories specified
INFO: [IP_Flow 19-2313] Loaded Vivado IP repository 'D:/Xilinx/Vivado/2019.2/data/ip'.
update_compile_order -fileset sources_1
reset_run synth_1
launch_runs impl_1 -to_step write_bitstream -jobs 6
[Sun Aug 18 17:02:38 2024] Launched synth_1...
Run output will be captured here: E:/fpga_image/vivado_2019.2/GiGe_HDMI/GiGe_HDMI.runs/synth_1/runme.log
[Sun Aug 18 17:02:38 2024] Launched impl_1...
Run output will be captured here: E:/fpga_image/vivado_2019.2/GiGe_HDMI/GiGe_HDMI.runs/impl_1/runme.log
exit
INFO: [Common 17-206] Exiting Vivado at Sun Aug 18 17:07:11 2024...
