#-----------------------------------------------------------
# Vivado v2019.2 (64-bit)
# SW Build 2708876 on Wed Nov  6 21:40:23 MST 2019
# IP Build 2700528 on Thu Nov  7 00:09:20 MST 2019
# Start of session at: Sat Sep 21 20:32:27 2024
# Process ID: 12180
# Current directory: D:/respository/GIGE_HDMI
# Command line: vivado.exe -gui_launcher_event rodinguilauncherevent20804 D:\respository\GIGE_HDMI\GiGe_HDMI.xpr
# Log file: D:/respository/GIGE_HDMI/vivado.log
# Journal file: D:/respository/GIGE_HDMI\vivado.jou
#-----------------------------------------------------------
start_gui
open_project D:/respository/GIGE_HDMI/GiGe_HDMI.xpr
INFO: [Project 1-313] Project file moved from 'E:/fpga_image/vivadoproject_2019.2/GiGe_HDMI' since last save.
Scanning sources...
Finished scanning sources
INFO: [IP_Flow 19-234] Refreshing IP repositories
INFO: [IP_Flow 19-1704] No user IP repositories specified
INFO: [IP_Flow 19-2313] Loaded Vivado IP repository 'D:/Xilinx/Vivado/2019.2/data/ip'.
open_project: Time (s): cpu = 00:00:05 ; elapsed = 00:00:09 . Memory (MB): peak = 1023.812 ; gain = 354.797
update_compile_order -fileset sources_1
